<?xml version="1.0" encoding="UTF-8"?>
<testng-results skipped="0" failed="0" ignored="0" total="1" passed="1">
  <reporter-output>
  </reporter-output>
  <suite name="Suite" duration-ms="8090" started-at="2021-05-29T20:53:31 IST" finished-at="2021-05-29T20:53:39 IST">
    <groups>
    </groups>
    <test name="Test" duration-ms="8090" started-at="2021-05-29T20:53:31 IST" finished-at="2021-05-29T20:53:39 IST">
      <class name="JenkinsTest">
        <test-method status="PASS" signature="test()[pri:0, instance:JenkinsTest@7a1ebcd8]" name="test" duration-ms="8046" started-at="2021-05-29T20:53:31 IST" finished-at="2021-05-29T20:53:39 IST">
          <reporter-output>
          </reporter-output>
        </test-method> <!-- test -->
      </class> <!-- JenkinsTest -->
    </test> <!-- Test -->
  </suite> <!-- Suite -->
</testng-results>
